2025-12-20 17:52:22,291 [INFO] INIT: System Initialized
2025-12-20 17:52:22,292 [INFO] INIT: Registered task: ls
2025-12-20 17:52:22,292 [INFO] INIT: Registered task: lsa
2025-12-20 17:52:22,292 [INFO] INIT: Registered task: swb
2025-12-20 17:52:22,292 [INFO] INIT: Registered task: s
2025-12-20 17:52:22,292 [INFO] INIT: Registered task: p
2025-12-20 17:52:22,292 [INFO] FSM: Transition: INIT -> RUNNING
2025-12-20 17:52:27,292 [INFO] RUNNING: Invoking handler: List Branches Verbose
2025-12-20 17:52:27,292 [INFO] LIMB: Listing branches
2025-12-20 17:52:27,292 [INFO] SUBPROCESS: Executing: git branch -v
2025-12-20 17:52:29,186 [INFO] RUNNING: Invoking handler: List All Branches
2025-12-20 17:52:29,186 [INFO] LIMB: Listing all branches
2025-12-20 17:52:29,186 [INFO] SUBPROCESS: Executing: git branch -a
2025-12-20 17:52:34,605 [INFO] RUNNING: Invoking handler: Check status
2025-12-20 17:52:34,605 [INFO] LIMB: Checking status
2025-12-20 17:52:34,605 [INFO] SUBPROCESS: Executing: git status
2025-12-20 17:52:37,418 [INFO] FSM: Transition: RUNNING -> EXIT
2025-12-20 17:52:37,418 [INFO] EXIT: User requested shutdown
2025-12-20 17:56:22,804 [INFO] INIT: System Initialized
2025-12-20 17:56:22,804 [INFO] INIT: Registered task: ls
2025-12-20 17:56:22,804 [INFO] INIT: Registered task: lsa
2025-12-20 17:56:22,804 [INFO] INIT: Registered task: swb
2025-12-20 17:56:22,804 [INFO] INIT: Registered task: s
2025-12-20 17:56:22,804 [INFO] INIT: Registered task: p
2025-12-20 17:56:22,804 [INFO] FSM: Transition: INIT -> RUNNING
2025-12-20 17:56:31,953 [INFO] RUNNING: Invoking handler: List Branches Verbose
2025-12-20 17:56:31,953 [INFO] LIMB: Listing branches
2025-12-20 17:56:31,953 [INFO] SUBPROCESS: Executing: git branch -v
2025-12-20 17:56:35,328 [INFO] FSM: Transition: RUNNING -> EXIT
2025-12-20 17:56:35,328 [INFO] EXIT: User requested shutdown
2025-12-20 17:59:44,342 [INFO] INIT: System Initialized
2025-12-20 17:59:44,342 [INFO] INIT: Registered task: ls
2025-12-20 17:59:44,342 [INFO] INIT: Registered task: lsa
2025-12-20 17:59:44,342 [INFO] INIT: Registered task: swb
2025-12-20 17:59:44,342 [INFO] INIT: Registered task: s
2025-12-20 17:59:44,342 [INFO] INIT: Registered task: p
2025-12-20 17:59:44,342 [INFO] FSM: Transition: INIT -> RUNNING
2025-12-20 17:59:50,215 [INFO] RUNNING: Invoking handler: Push To Repo
2025-12-20 17:59:50,215 [INFO] LIMB: Initiating push sequence
2025-12-20 18:00:04,595 [INFO] SUBPROCESS: Executing: git add .
